<?xml version="1.0" encoding="UTF-8"?>
<testsuite name="| smith@technosoftacademy.io | test |" time="0.015" tests="16" errors="0" skipped="5" failures="0">
  <properties>
[...]
</properties>
  <testcase name="| mohammad@technosoftacademy.io | test1234 |" classname="| mohammad@technosoftacademy.io | test1234 |" time="0">
    <skipped/>
  </testcase>
  <testcase name="| mohammad@technosoftacademy.io | test1234 |" classname="| mohammad@technosoftacademy.io | test1234 |" time="0.001"/>
  <testcase name="Given I am on home page" classname="| chris@technosoftacademy.io | abc123 |" time="0.002"/>
  <testcase name="When I enter chris@technosoftacademy.io into username text fields on home screen" classname="| chris@technosoftacademy.io | abc123 |" time="0"/>
  <testcase name="And I enter abc123 into password text fields on home screen" classname="| chris@technosoftacademy.io | abc123 |" time="0"/>
  <testcase name="And I click on login button on home screen" classname="| chris@technosoftacademy.io | abc123 |" time="0.008"/>
  <testcase name="Then I verify that i am an invalid login page" classname="| chris@technosoftacademy.io | abc123 |" time="0">
    <skipped/>
  </testcase>
  <testcase name="| chris@technosoftacademy.io | abc123 |" classname="| chris@technosoftacademy.io | abc123 |" time="0">
    <skipped/>
  </testcase>
  <testcase name="| chris@technosoftacademy.io | abc123 |" classname="| chris@technosoftacademy.io | abc123 |" time="3.199"/>
  <testcase name="Given I am on home page" classname="| smith@technosoftacademy.io | test |" time="0.002"/>
  <testcase name="When I enter smith@technosoftacademy.io into username text fields on home screen" classname="| smith@technosoftacademy.io | test |" time="0.001"/>
  <testcase name="And I enter test into password text fields on home screen" classname="| smith@technosoftacademy.io | test |" time="0.001"/>
  <testcase name="And I click on login button on home screen" classname="| smith@technosoftacademy.io | test |" time="0.001"/>
  <testcase name="Then I verify that i am an invalid login page" classname="| smith@technosoftacademy.io | test |" time="0">
    <skipped/>
  </testcase>
  <testcase name="| smith@technosoftacademy.io | test |" classname="| smith@technosoftacademy.io | test |" time="0">
    <skipped/>
  </testcase>
  <testcase name="| smith@technosoftacademy.io | test |" classname="| smith@technosoftacademy.io | test |" time="1.328"/>
</testsuite>